#
# A fatal error has been detected by the Java Runtime Environment:
#
#  Internal Error (signature.cpp:54), pid=16204, tid=0x00007f6a26741700
#  fatal error: expecting (
#
# JRE version: Java(TM) SE Runtime Environment (8.0_191-b12) (build 1.8.0_191-b12)
# Java VM: Java HotSpot(TM) 64-Bit Server VM (25.191-b12 mixed mode linux-amd64 compressed oops)
# Failed to write core dump. Core dumps have been disabled. To enable core dumping, try "ulimit -c unlimited" before starting Java again
#
# If you would like to submit a bug report, please visit:
#   http://bugreport.java.com/bugreport/crash.jsp
#

---------------  T H R E A D  ---------------

Current thread (0x00007f6a3802d800):  GCTaskThread [stack: 0x00007f6a26641000,0x00007f6a26742000] [id=16214]

Stack: [0x00007f6a26641000,0x00007f6a26742000],  sp=0x00007f6a2673f840,  free space=1018k
Native frames: (J=compiled Java code, j=interpreted, Vv=VM code, C=native code)
V  [libjvm.so+0xace425]  VMError::report_and_die()+0x2c5
V  [libjvm.so+0x4deaf4]  report_fatal(char const*, int, char const*)+0x54
V  [libjvm.so+0x9dfbc2]  SignatureIterator::expect(char)+0x52
V  [libjvm.so+0x9dffd4]  SignatureIterator::iterate_returntype()+0x24
V  [libjvm.so+0x5dfa92]  GenerateOopMap::do_method(int, int, int, int)+0x72
V  [libjvm.so+0x5e0c0f]  GenerateOopMap::interp_bb(BasicBlock*)+0x16f
V  [libjvm.so+0x5e471d]  GenerateOopMap::do_interpretation()+0xbd
V  [libjvm.so+0x5e4afb]  GenerateOopMap::compute_map(Thread*)+0x29b
V  [libjvm.so+0x8fb4bf]  OopMapForCacheEntry::compute_map(Thread*)+0x8f
V  [libjvm.so+0x8fd1c8]  OopMapCacheEntry::fill(methodHandle, int)+0x2a8
V  [libjvm.so+0x8fe147]  OopMapCache::compute_one_oop_map(methodHandle, int, InterpreterOopMap*)+0x127
V  [libjvm.so+0x8fe9d6]  OopMapCache::lookup(methodHandle, int, InterpreterOopMap*) const+0x5c6
V  [libjvm.so+0x6406d3]  InstanceKlass::mask_for(methodHandle, int, InterpreterOopMap*)+0x83
V  [libjvm.so+0x8911b1]  Method::mask_for(int, InterpreterOopMap*)+0xb1
V  [libjvm.so+0x57bb11]  frame::oops_interpreted_do(OopClosure*, CLDClosure*, RegisterMap const*, bool)+0x561
V  [libjvm.so+0xa6a1d8]  JavaThread::oops_do(OopClosure*, CLDClosure*, CodeBlobClosure*)+0x178
V  [libjvm.so+0x9869b7]  ThreadRootsTask::do_it(GCTaskManager*, unsigned int)+0x67
V  [libjvm.so+0x5c0f36]  GCTaskThread::run()+0x1b6
V  [libjvm.so+0x909c92]  java_start(Thread*)+0x102

JavaThread 0x00007f6a38013000 (nid = 16208) was being processed
Java frames: (J=compiled Java code, j=interpreted, Vv=VM code)
j  main.query.main([Ljava/lang/String;)V+88
v  ~StubRoutines::call_stub

---------------  P R O C E S S  ---------------

Java Threads: ( => current thread )
  0x00007f6a38a3a000 JavaThread "CleanCursors-1-thread-1" daemon [_thread_blocked, id=16239, stack(0x00007f69df5de000,0x00007f69df6df000)]
  0x00007f6a38a37000 JavaThread "cluster-ClusterId{value='5c702d978fa3c23f4cbd3dae', description='null'}-efactcompose-dal13-c00-p02.compose.direct:15111" daemon [_thread_in_native, id=16238, stack(0x00007f69df6df000,0x00007f69df7e0000)]
  0x00007f6a38a34000 JavaThread "cluster-ClusterId{value='5c702d978fa3c23f4cbd3dae', description='null'}-efactcompose-dal13-c00-p01.compose.direct:15111" daemon [_thread_blocked, id=16237, stack(0x00007f6a140c7000,0x00007f6a141c8000)]
  0x00007f6a380dc000 JavaThread "Service Thread" daemon [_thread_blocked, id=16231, stack(0x00007f6a17dfe000,0x00007f6a17eff000)]
  0x00007f6a380d8800 JavaThread "C1 CompilerThread2" daemon [_thread_blocked, id=16230, stack(0x00007f6a17eff000,0x00007f6a18000000)]
  0x00007f6a380d7000 JavaThread "C2 CompilerThread1" daemon [_thread_blocked, id=16229, stack(0x00007f6a1c0ae000,0x00007f6a1c1af000)]
  0x00007f6a380d4000 JavaThread "C2 CompilerThread0" daemon [_thread_blocked, id=16228, stack(0x00007f6a1c1af000,0x00007f6a1c2b0000)]
  0x00007f69fc001000 JavaThread "JDWP Command Reader" daemon [_thread_in_native, id=16225, stack(0x00007f6a24014000,0x00007f6a24115000)]
  0x00007f6a380d2000 JavaThread "JDWP Event Helper Thread" daemon [_thread_blocked, id=16223, stack(0x00007f6a24115000,0x00007f6a24216000)]
  0x00007f6a380ce800 JavaThread "JDWP Transport Listener: dt_socket" daemon [_thread_blocked, id=16221, stack(0x00007f6a24216000,0x00007f6a24317000)]
  0x00007f6a380bf000 JavaThread "Signal Dispatcher" daemon [_thread_blocked, id=16219, stack(0x00007f6a2451c000,0x00007f6a2461d000)]
  0x00007f6a3808d000 JavaThread "Finalizer" daemon [_thread_blocked, id=16217, stack(0x00007f6a2461d000,0x00007f6a2471e000)]
  0x00007f6a3808a800 JavaThread "Reference Handler" daemon [_thread_blocked, id=16216, stack(0x00007f6a2471e000,0x00007f6a2481f000)]
  0x00007f6a38013000 JavaThread "main" [_thread_blocked, id=16208, stack(0x00007f6a3e1f5000,0x00007f6a3e2f6000)]

Other Threads:
  0x00007f6a38081000 VMThread [stack: 0x00007f6a2481f000,0x00007f6a24920000] [id=16215]
  0x00007f6a380e1800 WatcherThread [stack: 0x00007f6a17cfd000,0x00007f6a17dfe000] [id=16232]

=>0x00007f6a3802d800 (exited) GCTaskThread [stack: 0x00007f6a26641000,0x00007f6a26742000] [id=16214]

VM state:at safepoint (normal execution)

VM Mutex/Monitor currently owned by a thread:  ([mutex/lock_event])
[0x00007f6a3800f2d0] Threads_lock - owner thread: 0x00007f6a38081000
[0x00007f6a3800f7d0] Heap_lock - owner thread: 0x00007f6a38a34000

Heap:
 PSYoungGen      total 36864K, used 36859K [0x00000000d7200000, 0x00000000d9b00000, 0x0000000100000000)
  eden space 31744K, 100% used [0x00000000d7200000,0x00000000d9100000,0x00000000d9100000)
  from space 5120K, 99% used [0x00000000d9600000,0x00000000d9afef40,0x00000000d9b00000)
  to   space 5120K, 99% used [0x00000000d9100000,0x00000000d95fd4b8,0x00000000d9600000)
 ParOldGen       total 84992K, used 5022K [0x0000000085600000, 0x000000008a900000, 0x00000000d7200000)
  object space 84992K, 5% used [0x0000000085600000,0x0000000085ae7830,0x000000008a900000)
 Metaspace       used 16830K, capacity 17120K, committed 17408K, reserved 1064960K
  class space    used 1946K, capacity 2002K, committed 2048K, reserved 1048576K

Card table byte_map: [0x00007f6a26bd2000,0x00007f6a26fa8000] byte_map_base: 0x00007f6a267a7000

Marking Bits: (ParMarkBitMap*) 0x00007f6a3d6d3d40
 Begin Bits: [0x00007f6a1c2b0000, 0x00007f6a1e158000)
 End Bits:   [0x00007f6a1e158000, 0x00007f6a20000000)

Polling page: 0x00007f6a3e318000

CodeCache: size=245760Kb used=6906Kb max_used=6920Kb free=238853Kb
 bounds [0x00007f6a27368000, 0x00007f6a27a48000, 0x00007f6a36368000]
 total_blobs=2508 nmethods=2110 adapters=319
 compilation: enabled

Compilation events (10 events):
Event: 4670,316 Thread 0x00007f6a380d4000 nmethod 2399 0x00007f6a275af450 code [0x00007f6a275af5c0, 0x00007f6a275af6f0]
Event: 4691,095 Thread 0x00007f6a380d7000 2400       4       java.util.Collections$UnmodifiableCollection::size (10 bytes)
Event: 4691,097 Thread 0x00007f6a380d7000 nmethod 2400 0x00007f6a2755fa90 code [0x00007f6a2755fbe0, 0x00007f6a2755fc78]
Event: 4701,097 Thread 0x00007f6a380d7000 2401       4       java.util.Collections$UnmodifiableList::get (11 bytes)
Event: 4701,099 Thread 0x00007f6a380d7000 nmethod 2401 0x00007f6a2756bed0 code [0x00007f6a2756c040, 0x00007f6a2756c278]
Event: 4742,415 Thread 0x00007f6a380d4000 2402       4       org.bson.codecs.BsonInt32Codec::decode (7 bytes)
Event: 4742,432 Thread 0x00007f6a380d4000 nmethod 2402 0x00007f6a27a37fd0 code [0x00007f6a27a38200, 0x00007f6a27a38d48]
Event: 4803,896 Thread 0x00007f6a380d7000 2403       4       java.util.HashSet::size (8 bytes)
Event: 4803,896 Thread 0x00007f6a380d7000 nmethod 2403 0x00007f6a275f3350 code [0x00007f6a275f34a0, 0x00007f6a275f3538]
Event: 4867,359 Thread 0x00007f6a380d8800 2404       3       java.lang.Class::cast (27 bytes)

GC Heap History (5 events):
Event: 0,765 GC heap before
{Heap before GC invocations=1 (full 0):
 PSYoungGen      total 36864K, used 31744K [0x00000000d7200000, 0x00000000d9b00000, 0x0000000100000000)
  eden space 31744K, 100% used [0x00000000d7200000,0x00000000d9100000,0x00000000d9100000)
  from space 5120K, 0% used [0x00000000d9600000,0x00000000d9600000,0x00000000d9b00000)
  to   space 5120K, 0% used [0x00000000d9100000,0x00000000d9100000,0x00000000d9600000)
 ParOldGen       total 84992K, used 0K [0x0000000085600000, 0x000000008a900000, 0x00000000d7200000)
  object space 84992K, 0% used [0x0000000085600000,0x0000000085600000,0x000000008a900000)
 Metaspace       used 9904K, capacity 10090K, committed 10240K, reserved 1058816K
  class space    used 1165K, capacity 1211K, committed 1280K, reserved 1048576K
Event: 0,770 GC heap after
Heap after GC invocations=1 (full 0):
 PSYoungGen      total 36864K, used 5091K [0x00000000d7200000, 0x00000000d9b00000, 0x0000000100000000)
  eden space 31744K, 0% used [0x00000000d7200000,0x00000000d7200000,0x00000000d9100000)
  from space 5120K, 99% used [0x00000000d9100000,0x00000000d95f8ee8,0x00000000d9600000)
  to   space 5120K, 0% used [0x00000000d9600000,0x00000000d9600000,0x00000000d9b00000)
 ParOldGen       total 84992K, used 402K [0x0000000085600000, 0x000000008a900000, 0x00000000d7200000)
  object space 84992K, 0% used [0x0000000085600000,0x0000000085664970,0x000000008a900000)
 Metaspace       used 9904K, capacity 10090K, committed 10240K, reserved 1058816K
  class space    used 1165K, capacity 1211K, committed 1280K, reserved 1048576K
}
Event: 6,479 GC heap before
{Heap before GC invocations=2 (full 0):
 PSYoungGen      total 36864K, used 36835K [0x00000000d7200000, 0x00000000d9b00000, 0x0000000100000000)
  eden space 31744K, 100% used [0x00000000d7200000,0x00000000d9100000,0x00000000d9100000)
  from space 5120K, 99% used [0x00000000d9100000,0x00000000d95f8ee8,0x00000000d9600000)
  to   space 5120K, 0% used [0x00000000d9600000,0x00000000d9600000,0x00000000d9b00000)
 ParOldGen       total 84992K, used 402K [0x0000000085600000, 0x000000008a900000, 0x00000000d7200000)
  object space 84992K, 0% used [0x0000000085600000,0x0000000085664970,0x000000008a900000)
 Metaspace       used 14940K, capacity 15228K, committed 15488K, reserved 1062912K
  class space    used 1791K, capacity 1868K, committed 1920K, reserved 1048576K
Event: 6,487 GC heap after
Heap after GC invocations=2 (full 0):
 PSYoungGen      total 36864K, used 5115K [0x00000000d7200000, 0x00000000d9b00000, 0x0000000100000000)
  eden space 31744K, 0% used [0x00000000d7200000,0x00000000d7200000,0x00000000d9100000)
  from space 5120K, 99% used [0x00000000d9600000,0x00000000d9afef40,0x00000000d9b00000)
  to   space 5120K, 0% used [0x00000000d9100000,0x00000000d9100000,0x00000000d9600000)
 ParOldGen       total 84992K, used 4746K [0x0000000085600000, 0x000000008a900000, 0x00000000d7200000)
  object space 84992K, 5% used [0x0000000085600000,0x0000000085aa2820,0x000000008a900000)
 Metaspace       used 14940K, capacity 15228K, committed 15488K, reserved 1062912K
  class space    used 1791K, capacity 1868K, committed 1920K, reserved 1048576K
}
Event: 4867,360 GC heap before
{Heap before GC invocations=3 (full 0):
 PSYoungGen      total 36864K, used 36859K [0x00000000d7200000, 0x00000000d9b00000, 0x0000000100000000)
  eden space 31744K, 100% used [0x00000000d7200000,0x00000000d9100000,0x00000000d9100000)
  from space 5120K, 99% used [0x00000000d9600000,0x00000000d9afef40,0x00000000d9b00000)
  to   space 5120K, 0% used [0x00000000d9100000,0x00000000d9100000,0x00000000d9600000)
 ParOldGen       total 84992K, used 4746K [0x0000000085600000, 0x000000008a900000, 0x00000000d7200000)
  object space 84992K, 5% used [0x0000000085600000,0x0000000085aa2820,0x000000008a900000)
 Metaspace       used 16830K, capacity 17120K, committed 17408K, reserved 1064960K
  class space    used 1946K, capacity 2002K, committed 2048K, reserved 1048576K

Deoptimization events (10 events):
Event: 10,596 Thread 0x00007f6a38013000 Uncommon trap: reason=class_check action=maybe_recompile pc=0x00007f6a27867af0 method=sun.security.provider.DigestBase.engineDigest([BII)I @ 97
Event: 10,607 Thread 0x00007f6a38013000 Uncommon trap: reason=class_check action=maybe_recompile pc=0x00007f6a2786ace8 method=java.security.MessageDigest$Delegate.engineDigest([BII)I @ 7
Event: 10,607 Thread 0x00007f6a38013000 Uncommon trap: reason=class_check action=maybe_recompile pc=0x00007f6a27867af0 method=sun.security.provider.DigestBase.engineDigest([BII)I @ 97
Event: 10,607 Thread 0x00007f6a38013000 Uncommon trap: reason=class_check action=maybe_recompile pc=0x00007f6a2786ace8 method=java.security.MessageDigest$Delegate.engineDigest([BII)I @ 7
Event: 10,607 Thread 0x00007f6a38013000 Uncommon trap: reason=class_check action=maybe_recompile pc=0x00007f6a2786ace8 method=java.security.MessageDigest$Delegate.engineDigest([BII)I @ 7
Event: 10,607 Thread 0x00007f6a38013000 Uncommon trap: reason=class_check action=maybe_recompile pc=0x00007f6a2786ace8 method=java.security.MessageDigest$Delegate.engineDigest([BII)I @ 7
Event: 10,607 Thread 0x00007f6a38013000 Uncommon trap: reason=class_check action=maybe_recompile pc=0x00007f6a27866c10 method=java.security.MessageDigest$Delegate.engineDigest([BII)I @ 7
Event: 10,607 Thread 0x00007f6a38013000 Uncommon trap: reason=class_check action=maybe_recompile pc=0x00007f6a27861b10 method=java.security.MessageDigest$Delegate.engineDigest()[B @ 4
Event: 1573,588 Thread 0x00007f6a38a34000 Uncommon trap: reason=unstable_if action=reinterpret pc=0x00007f6a279351a8 method=java.util.concurrent.locks.ReentrantLock$Sync.tryRelease(I)Z @ 28
Event: 1573,588 Thread 0x00007f6a38a34000 Uncommon trap: reason=unstable_if action=reinterpret pc=0x00007f6a27950364 method=java.util.concurrent.locks.ReentrantLock$Sync.tryRelease(I)Z @ 28

Classes redefined (9 events):
Event: 36,739 Thread 0x00007f6a38081000 redefined class name=main.query, count=1
Event: 231,473 Thread 0x00007f6a38081000 redefined class name=main.query, count=2
Event: 271,148 Thread 0x00007f6a38081000 redefined class name=main.query, count=3
Event: 322,948 Thread 0x00007f6a38081000 redefined class name=main.query, count=4
Event: 337,439 Thread 0x00007f6a38081000 redefined class name=main.query, count=5
Event: 371,527 Thread 0x00007f6a38081000 redefined class name=main.query, count=6
Event: 373,052 Thread 0x00007f6a38081000 redefined class name=main.query, count=7
Event: 385,560 Thread 0x00007f6a38081000 redefined class name=main.query, count=8
Event: 391,086 Thread 0x00007f6a38081000 redefined class name=main.query, count=9

Internal exceptions (10 events):
Event: 0,553 Thread 0x00007f6a38013000 Exception <a 'java/lang/ArrayIndexOutOfBoundsException'> (0x00000000d7eb39b0) thrown at [/HUDSON/workspace/8-2-build-linux-amd64/jdk8u191/11894/hotspot/src/share/vm/runtime/sharedRuntime.cpp, line 605]
Event: 0,553 Thread 0x00007f6a38013000 Exception <a 'java/lang/ArrayIndexOutOfBoundsException'> (0x00000000d7eb4e78) thrown at [/HUDSON/workspace/8-2-build-linux-amd64/jdk8u191/11894/hotspot/src/share/vm/runtime/sharedRuntime.cpp, line 605]
Event: 0,554 Thread 0x00007f6a38013000 Exception <a 'java/lang/ArrayIndexOutOfBoundsException'> (0x00000000d7eb8130) thrown at [/HUDSON/workspace/8-2-build-linux-amd64/jdk8u191/11894/hotspot/src/share/vm/runtime/sharedRuntime.cpp, line 605]
Event: 0,888 Thread 0x00007f6a38013000 Exception <a 'java/lang/NoSuchFieldError': method resolution failed> (0x00000000d78c1900) thrown at [/HUDSON/workspace/8-2-build-linux-amd64/jdk8u191/11894/hotspot/src/share/vm/prims/methodHandles.cpp, line 1167]
Event: 0,893 Thread 0x00007f6a38013000 Exception <a 'java/lang/NoSuchFieldError': method resolution failed> (0x00000000d78cefc0) thrown at [/HUDSON/workspace/8-2-build-linux-amd64/jdk8u191/11894/hotspot/src/share/vm/prims/methodHandles.cpp, line 1167]
Event: 1,108 Thread 0x00007f6a38013000 Implicit null exception at 0x00007f6a27544576 to 0x00007f6a27544a61
Event: 1,124 Thread 0x00007f6a38a37000 Implicit null exception at 0x00007f6a2760156c to 0x00007f6a27601fc1
Event: 6,708 Thread 0x00007f6a38a37000 Implicit null exception at 0x00007f6a2770b5b8 to 0x00007f6a2770b6f5
Event: 1567,266 Thread 0x00007f6a38a34000 Exception <a 'java/net/SocketTimeoutException': Read timed out> (0x00000000d819ceb0) thrown at [/HUDSON/workspace/8-2-build-linux-amd64/jdk8u191/11894/hotspot/src/share/vm/prims/jni.cpp, line 735]
Event: 4865,488 Thread 0x00007f6a38a34000 Exception <a 'java/net/SocketTimeoutException': Read timed out> (0x00000000d9099ed8) thrown at [/HUDSON/workspace/8-2-build-linux-amd64/jdk8u191/11894/hotspot/src/share/vm/prims/jni.cpp, line 735]

Events (10 events):
Event: 4865,489 Thread 0x00007f6a38a34000 DEOPT UNPACKING pc=0x00007f6a273af784 sp=0x00007f6a141c5cc8 mode 1
Event: 4865,489 Thread 0x00007f6a38a34000 DEOPT PACKING pc=0x00007f6a27a1b8c4 sp=0x00007f6a141c64e0
Event: 4865,489 Thread 0x00007f6a38a34000 DEOPT UNPACKING pc=0x00007f6a273af784 sp=0x00007f6a141c6340 mode 1
Event: 4865,489 Thread 0x00007f6a38a34000 DEOPT PACKING pc=0x00007f6a2798e604 sp=0x00007f6a141c6670
Event: 4865,489 Thread 0x00007f6a38a34000 DEOPT UNPACKING pc=0x00007f6a273af784 sp=0x00007f6a141c6420 mode 1
Event: 4865,489 Thread 0x00007f6a38a34000 DEOPT PACKING pc=0x00007f6a27677534 sp=0x00007f6a141c6750
Event: 4865,489 Thread 0x00007f6a38a34000 DEOPT UNPACKING pc=0x00007f6a273af784 sp=0x00007f6a141c64d8 mode 1
Event: 4865,489 Thread 0x00007f6a38a34000 DEOPT PACKING pc=0x00007f6a279446c4 sp=0x00007f6a141c67f0
Event: 4865,489 Thread 0x00007f6a38a34000 DEOPT UNPACKING pc=0x00007f6a273af784 sp=0x00007f6a141c6618 mode 1
Event: 4867,359 Executing VM operation: ParallelGCFailedAllocation


Dynamic libraries:
00400000-00401000 r-xp 00000000 08:02 29495035                           /usr/lib/jvm/java-8-oracle/bin/java
00600000-00601000 r--p 00000000 08:02 29495035                           /usr/lib/jvm/java-8-oracle/bin/java
00601000-00602000 rw-p 00001000 08:02 29495035                           /usr/lib/jvm/java-8-oracle/bin/java
01d23000-01d44000 rw-p 00000000 00:00 0                                  [heap]
85600000-8a900000 rw-p 00000000 00:00 0 
8a900000-d7200000 ---p 00000000 00:00 0 
d7200000-d9b00000 rw-p 00000000 00:00 0 
d9b00000-100000000 ---p 00000000 00:00 0 
100000000-100200000 rw-p 00000000 00:00 0 
100200000-140000000 ---p 00000000 00:00 0 
7f69cc000000-7f69cc066000 rw-p 00000000 00:00 0 
7f69cc066000-7f69d0000000 ---p 00000000 00:00 0 
7f69d0000000-7f69d0021000 rw-p 00000000 00:00 0 
7f69d0021000-7f69d4000000 ---p 00000000 00:00 0 
7f69d4000000-7f69d42b4000 rw-p 00000000 00:00 0 
7f69d42b4000-7f69d8000000 ---p 00000000 00:00 0 
7f69d8000000-7f69d8021000 rw-p 00000000 00:00 0 
7f69d8021000-7f69dc000000 ---p 00000000 00:00 0 
7f69dedb9000-7f69deeb9000 rw-p 00000000 00:00 0 
7f69deeb9000-7f69defb9000 ---p 00000000 00:00 0 
7f69defb9000-7f69defd0000 r-xp 00000000 08:02 6296141                    /lib/x86_64-linux-gnu/libresolv-2.23.so
7f69defd0000-7f69df1d0000 ---p 00017000 08:02 6296141                    /lib/x86_64-linux-gnu/libresolv-2.23.so
7f69df1d0000-7f69df1d1000 r--p 00017000 08:02 6296141                    /lib/x86_64-linux-gnu/libresolv-2.23.so
7f69df1d1000-7f69df1d2000 rw-p 00018000 08:02 6296141                    /lib/x86_64-linux-gnu/libresolv-2.23.so
7f69df1d2000-7f69df1d4000 rw-p 00000000 00:00 0 
7f69df1d4000-7f69df1d9000 r-xp 00000000 08:02 6296086                    /lib/x86_64-linux-gnu/libnss_dns-2.23.so
7f69df1d9000-7f69df3d9000 ---p 00005000 08:02 6296086                    /lib/x86_64-linux-gnu/libnss_dns-2.23.so
7f69df3d9000-7f69df3da000 r--p 00005000 08:02 6296086                    /lib/x86_64-linux-gnu/libnss_dns-2.23.so
7f69df3da000-7f69df3db000 rw-p 00006000 08:02 6296086                    /lib/x86_64-linux-gnu/libnss_dns-2.23.so
7f69df3db000-7f69df3dd000 r-xp 00000000 08:02 6296094                    /lib/x86_64-linux-gnu/libnss_mdns4_minimal.so.2
7f69df3dd000-7f69df5dc000 ---p 00002000 08:02 6296094                    /lib/x86_64-linux-gnu/libnss_mdns4_minimal.so.2
7f69df5dc000-7f69df5dd000 r--p 00001000 08:02 6296094                    /lib/x86_64-linux-gnu/libnss_mdns4_minimal.so.2
7f69df5dd000-7f69df5de000 rw-p 00002000 08:02 6296094                    /lib/x86_64-linux-gnu/libnss_mdns4_minimal.so.2
7f69df5de000-7f69df5e1000 ---p 00000000 00:00 0 
7f69df5e1000-7f69df6df000 rw-p 00000000 00:00 0 
7f69df6df000-7f69df6e2000 ---p 00000000 00:00 0 
7f69df6e2000-7f69df9e0000 rw-p 00000000 00:00 0 
7f69df9e0000-7f69df9e8000 r-xp 00000000 08:02 29885003                   /usr/lib/jvm/java-8-oracle/jre/lib/amd64/libmanagement.so
7f69df9e8000-7f69dfbe8000 ---p 00008000 08:02 29885003                   /usr/lib/jvm/java-8-oracle/jre/lib/amd64/libmanagement.so
7f69dfbe8000-7f69dfbe9000 r--p 00008000 08:02 29885003                   /usr/lib/jvm/java-8-oracle/jre/lib/amd64/libmanagement.so
7f69dfbe9000-7f69dfbea000 rw-p 00009000 08:02 29885003                   /usr/lib/jvm/java-8-oracle/jre/lib/amd64/libmanagement.so
7f69dfbea000-7f69dfdea000 rw-p 00000000 00:00 0 
7f69dfdea000-7f69dfe00000 r-xp 00000000 08:02 6296027                    /lib/x86_64-linux-gnu/libgcc_s.so.1
7f69dfe00000-7f69dffff000 ---p 00016000 08:02 6296027                    /lib/x86_64-linux-gnu/libgcc_s.so.1
7f69dffff000-7f69e0000000 rw-p 00015000 08:02 6296027                    /lib/x86_64-linux-gnu/libgcc_s.so.1
7f69e0000000-7f69e0406000 rw-p 00000000 00:00 0 
7f69e0406000-7f69e4000000 ---p 00000000 00:00 0 
7f69e4000000-7f69e4021000 rw-p 00000000 00:00 0 
7f69e4021000-7f69e8000000 ---p 00000000 00:00 0 
7f69e8000000-7f69e865a000 rw-p 00000000 00:00 0 
7f69e865a000-7f69ec000000 ---p 00000000 00:00 0 
7f69ec000000-7f69eca5a000 rw-p 00000000 00:00 0 
7f69eca5a000-7f69f0000000 ---p 00000000 00:00 0 
7f69f0000000-7f69f0021000 rw-p 00000000 00:00 0 
7f69f0021000-7f69f4000000 ---p 00000000 00:00 0 
7f69f4000000-7f69f4021000 rw-p 00000000 00:00 0 
7f69f4021000-7f69f8000000 ---p 00000000 00:00 0 
7f69f8000000-7f69f8021000 rw-p 00000000 00:00 0 
7f69f8021000-7f69fc000000 ---p 00000000 00:00 0 
7f69fc000000-7f69fc0df000 rw-p 00000000 00:00 0 
7f69fc0df000-7f6a00000000 ---p 00000000 00:00 0 
7f6a00000000-7f6a00021000 rw-p 00000000 00:00 0 
7f6a00021000-7f6a04000000 ---p 00000000 00:00 0 
7f6a04000000-7f6a04021000 rw-p 00000000 00:00 0 
7f6a04021000-7f6a08000000 ---p 00000000 00:00 0 
7f6a08000000-7f6a08021000 rw-p 00000000 00:00 0 
7f6a08021000-7f6a0c000000 ---p 00000000 00:00 0 
7f6a0c000000-7f6a0c021000 rw-p 00000000 00:00 0 
7f6a0c021000-7f6a10000000 ---p 00000000 00:00 0 
7f6a10000000-7f6a102a2000 rw-p 00000000 00:00 0 
7f6a102a2000-7f6a14000000 ---p 00000000 00:00 0 
7f6a140c2000-7f6a140c7000 r--s 0003f000 08:02 29884660                   /usr/lib/jvm/java-8-oracle/jre/lib/ext/sunjce_provider.jar
7f6a140c7000-7f6a140ca000 ---p 00000000 00:00 0 
7f6a140ca000-7f6a141c8000 rw-p 00000000 00:00 0 
7f6a141c8000-7f6a14200000 r-xp 00000000 08:02 29884809                   /usr/lib/jvm/java-8-oracle/jre/lib/amd64/libsunec.so
7f6a14200000-7f6a143ff000 ---p 00038000 08:02 29884809                   /usr/lib/jvm/java-8-oracle/jre/lib/amd64/libsunec.so
7f6a143ff000-7f6a14404000 r--p 00037000 08:02 29884809                   /usr/lib/jvm/java-8-oracle/jre/lib/amd64/libsunec.so
7f6a14404000-7f6a14406000 rw-p 0003c000 08:02 29884809                   /usr/lib/jvm/java-8-oracle/jre/lib/amd64/libsunec.so
7f6a14406000-7f6a14408000 r--s 00009000 08:02 29884637                   /usr/lib/jvm/java-8-oracle/jre/lib/ext/sunec.jar
7f6a14408000-7f6a1440c000 r--s 0003a000 08:02 29884644                   /usr/lib/jvm/java-8-oracle/jre/lib/ext/sunpkcs11.jar
7f6a1440c000-7f6a1440f000 r--s 0001a000 08:02 29495806                   /usr/lib/jvm/java-8-oracle/jre/lib/jce.jar
7f6a1440f000-7f6a1460f000 rw-p 00000000 00:00 0 
7f6a1460f000-7f6a14614000 r--s 000a0000 08:02 29495800                   /usr/lib/jvm/java-8-oracle/jre/lib/jsse.jar
7f6a14614000-7f6a17615000 rw-p 00000000 00:00 0 
7f6a17615000-7f6a1762b000 r-xp 00000000 08:02 29884977                   /usr/lib/jvm/java-8-oracle/jre/lib/amd64/libnet.so
7f6a1762b000-7f6a1782a000 ---p 00016000 08:02 29884977                   /usr/lib/jvm/java-8-oracle/jre/lib/amd64/libnet.so
7f6a1782a000-7f6a1782b000 r--p 00015000 08:02 29884977                   /usr/lib/jvm/java-8-oracle/jre/lib/amd64/libnet.so
7f6a1782b000-7f6a1782c000 rw-p 00016000 08:02 29884977                   /usr/lib/jvm/java-8-oracle/jre/lib/amd64/libnet.so
7f6a1782c000-7f6a1783d000 r-xp 00000000 08:02 29884988                   /usr/lib/jvm/java-8-oracle/jre/lib/amd64/libnio.so
7f6a1783d000-7f6a17a3c000 ---p 00011000 08:02 29884988                   /usr/lib/jvm/java-8-oracle/jre/lib/amd64/libnio.so
7f6a17a3c000-7f6a17a3d000 r--p 00010000 08:02 29884988                   /usr/lib/jvm/java-8-oracle/jre/lib/amd64/libnio.so
7f6a17a3d000-7f6a17a3e000 rw-p 00011000 08:02 29884988                   /usr/lib/jvm/java-8-oracle/jre/lib/amd64/libnio.so
7f6a17a3e000-7f6a17a51000 r--s 00345000 08:02 29495799                   /usr/lib/jvm/java-8-oracle/jre/lib/resources.jar
7f6a17a51000-7f6a17a5b000 r--s 00116000 08:02 29884658                   /usr/lib/jvm/java-8-oracle/jre/lib/ext/localedata.jar
7f6a17a5b000-7f6a17a77000 r--s 00393000 08:02 29884639                   /usr/lib/jvm/java-8-oracle/jre/lib/ext/cldrdata.jar
7f6a17a77000-7f6a17a78000 r--s 00005000 08:02 13110475                   /home/acalcina/.m2/repository/org/bouncycastle/bctsp-jdk14/1.38/bctsp-jdk14-1.38.jar
7f6a17a78000-7f6a17a99000 r--s 0015a000 08:02 9439869                    /home/acalcina/.m2/repository/org/bouncycastle/bcprov-jdk14/1.38/bcprov-jdk14-1.38.jar
7f6a17a99000-7f6a17a9d000 r--s 0002b000 08:02 13242961                   /home/acalcina/.m2/repository/org/bouncycastle/bcmail-jdk14/1.38/bcmail-jdk14-1.38.jar
7f6a17a9d000-7f6a17aac000 r--s 0017b000 08:02 3147521                    /home/acalcina/.m2/repository/com/itextpdf/itextpdf/5.0.6/itextpdf-5.0.6.jar
7f6a17aac000-7f6a17ab4000 r--s 0007e000 08:02 3413634                    /home/acalcina/.m2/repository/com/google/zxing/core/3.3.1/core-3.3.1.jar
7f6a17ab4000-7f6a17abb000 r--s 0006f000 08:02 14026839                   /home/acalcina/.m2/repository/org/snmp4j/snmp4j/2.5.4/snmp4j-2.5.4.jar
7f6a17abb000-7f6a17abd000 r--s 00018000 08:02 1837064                    /home/acalcina/.m2/repository/javax/servlet/servlet-api/2.5/servlet-api-2.5.jar
7f6a17abd000-7f6a17abf000 r--s 0000e000 08:02 1836991                    /home/acalcina/.m2/repository/javax/activation/activation/1.1/activation-1.1.jar
7f6a17abf000-7f6a17ac5000 r--s 00059000 08:02 1836856                    /home/acalcina/.m2/repository/javax/mail/mail/1.4/mail-1.4.jar
7f6a17ac5000-7f6a17ac9000 r--s 0002f000 08:02 2100969                    /home/acalcina/.m2/repository/commons-beanutils/commons-beanutils-core/1.8.0/commons-beanutils-core-1.8.0.jar
7f6a17ac9000-7f6a17ace000 r--s 0002a000 08:02 2100947                    /home/acalcina/.m2/repository/commons-beanutils/commons-beanutils/1.7.0/commons-beanutils-1.7.0.jar
7f6a17ace000-7f6a17ad2000 r--s 00020000 08:02 7083506                    /home/acalcina/.m2/repository/commons-digester/commons-digester/1.8/commons-digester-1.8.jar
7f6a17ad2000-7f6a17ad4000 r--s 0000d000 08:02 7869366                    /home/acalcina/.m2/repository/commons-logging/commons-logging/1.1.1/commons-logging-1.1.1.jar
7f6a17ad4000-7f6a17ae2000 r--s 0007f000 08:02 12983931                   /home/acalcina/.m2/repository/commons-collections/commons-collections/3.2.1/commons-collections-3.2.1.jar
7f6a17ae2000-7f6a17ae8000 r--s 00043000 08:02 2624771                    /home/acalcina/.m2/repository/commons-configuration/commons-configuration/1.6/commons-configuration-1.6.jar
7f6a17ae8000-7f6a17aec000 r--s 0001b000 08:02 13242969                   /home/acalcina/.m2/repository/org/jasypt/jasypt/1.9.0/jasypt-1.9.0.jar
7f6a17aec000-7f6a17af1000 r--s 0003e000 08:02 1836815                    /home/acalcina/.m2/repository/commons-net/commons-net/3.1/commons-net-3.1.jar
7f6a17af1000-7f6a17af2000 r--s 0000c000 08:02 14027627                   /home/acalcina/.m2/repository/org/springframework/spring-asm/3.0.7.RELEASE/spring-asm-3.0.7.RELEASE.jar
7f6a17af2000-7f6a17af6000 r--s 00026000 08:02 14027246                   /home/acalcina/.m2/repository/org/springframework/spring-expression/3.0.7.RELEASE/spring-expression-3.0.7.RELEASE.jar
7f6a17af6000-7f6a17aff000 r--s 00055000 08:02 14027483                   /home/acalcina/.m2/repository/org/springframework/spring-core/3.0.7.RELEASE/spring-core-3.0.7.RELEASE.jar
7f6a17aff000-7f6a17b0a000 r--s 0007d000 08:02 14027308                   /home/acalcina/.m2/repository/org/springframework/spring-beans/3.0.7.RELEASE/spring-beans-3.0.7.RELEASE.jar
7f6a17b0a000-7f6a17b13000 r--s 00046000 08:02 14027584                   /home/acalcina/.m2/repository/org/springframework/spring-aop/3.0.7.RELEASE/spring-aop-3.0.7.RELEASE.jar
7f6a17b13000-7f6a17b24000 r--s 00093000 08:02 14027360                   /home/acalcina/.m2/repository/org/springframework/spring-context/3.0.7.RELEASE/spring-context-3.0.7.RELEASE.jar
7f6a17b24000-7f6a17b26000 r--s 00003000 08:02 8915834                    /home/acalcina/.m2/repository/org/apache/geronimo/specs/geronimo-j2ee-management_1.1_spec/1.0.1/geronimo-j2ee-management_1.1_spec-1.0.1.jar
7f6a17b26000-7f6a17b28000 r--s 0000b000 08:02 13506860                   /home/acalcina/.m2/repository/org/fusesource/hawtbuf/hawtbuf/1.9/hawtbuf-1.9.jar
7f6a17b28000-7f6a17b2b000 r--s 00018000 08:02 13763789                   /home/acalcina/.m2/repository/org/fusesource/hawtdispatch/hawtdispatch/1.11/hawtdispatch-1.11.jar
7f6a17b2b000-7f6a17b2f000 r--s 00016000 08:02 13763764                   /home/acalcina/.m2/repository/org/fusesource/hawtdispatch/hawtdispatch-transport/1.11/hawtdispatch-transport-1.11.jar
7f6a17b2f000-7f6a17b33000 r--s 00018000 08:02 13763697                   /home/acalcina/.m2/repository/org/fusesource/mqtt-client/mqtt-client/1.3/mqtt-client-1.3.jar
7f6a17b33000-7f6a17b36000 r--s 00022000 08:02 9309874                    /home/acalcina/.m2/repository/org/apache/activemq/protobuf/activemq-protobuf/1.1/activemq-protobuf-1.1.jar
7f6a17b36000-7f6a17b3a000 r--s 0002a000 08:02 9439831                    /home/acalcina/.m2/repository/org/apache/activemq/kahadb/5.7.0/kahadb-5.7.0.jar
7f6a17b3a000-7f6a17b3c000 r--s 00006000 08:02 8916015                    /home/acalcina/.m2/repository/org/apache/geronimo/specs/geronimo-jms_1.1_spec/1.1.1/geronimo-jms_1.1_spec-1.1.1.jar
7f6a17b3c000-7f6a17b7a000 r--s 0038a000 08:02 9439853                    /home/acalcina/.m2/repository/org/apache/activemq/activemq-core/5.7.0/activemq-core-5.7.0.jar
7f6a17b7a000-7f6a17b7d000 r--s 0000d000 08:02 1837048                    /home/acalcina/.m2/repository/javax/jms/javax.jms-api/2.0/javax.jms-api-2.0.jar
7f6a17b7d000-7f6a17b9e000 r--s 0023f000 08:02 4196857                    /home/acalcina/.m2/repository/com/sleepycat/je/5.0.73/je-5.0.73.jar
7f6a17b9e000-7f6a17ba0000 r--s 00004000 08:02 10620672                   /home/acalcina/.m2/repository/pe/efact/efact_stats/0.7.0/efact_stats-0.7.0.jar
7f6a17ba0000-7f6a17ba3000 r--s 00013000 08:02 12592044                   /home/acalcina/.m2/repository/pe/com/efact/db/db-connection/1.0.1/db-connection-1.0.1.jar
7f6a17ba3000-7f6a17ba5000 r--s 00002000 08:02 8393941                    /home/acalcina/.m2/repository/org/apache/jclouds/labs/rackspace-cdn-uk/1.9.0/rackspace-cdn-uk-1.9.0.jar
7f6a17ba5000-7f6a17ba7000 r--s 00002000 08:02 8391866                    /home/acalcina/.m2/repository/org/apache/jclouds/provider/rackspace-clouddns-uk/1.9.0/rackspace-clouddns-uk-1.9.0.jar
7f6a17ba7000-7f6a17ba9000 r--s 00002000 08:02 8393639                    /home/acalcina/.m2/repository/org/apache/jclouds/provider/rackspace-cloudloadbalancers-uk/1.9.0/rackspace-cloudloadbalancers-uk-1.9.0.jar
7f6a17ba9000-7f6a17bab000 r--s 00012000 08:02 8393897                    /home/acalcina/.m2/repository/org/apache/jclouds/labs/rackspace-autoscale/1.9.0/rackspace-autoscale-1.9.0.jar
7f6a17bab000-7f6a17bad000 r--s 00003000 08:02 8393930                    /home/acalcina/.m2/repository/org/apache/jclouds/labs/rackspace-autoscale-us/1.9.0/rackspace-autoscale-us-1.9.0.jar
7f6a17bad000-7f6a17baf000 r--s 00002000 08:02 8393927                    /home/acalcina/.m2/repository/org/apache/jclouds/labs/rackspace-cloudqueues-uk/1.9.0/rackspace-cloudqueues-uk-1.9.0.jar
7f6a17baf000-7f6a17bb1000 r--s 00002000 08:02 8391917                    /home/acalcina/.m2/repository/org/apache/jclouds/provider/rackspace-clouddatabases-uk/1.9.0/rackspace-clouddatabases-uk-1.9.0.jar
7f6a17bb1000-7f6a17bb3000 r--s 00002000 08:02 8393848                    /home/acalcina/.m2/repository/org/apache/jclouds/provider/rackspace-cloudblockstorage-uk/1.9.0/rackspace-cloudblockstorage-uk-1.9.0.jar
7f6a17bb3000-7f6a17bb5000 r--s 00002000 08:02 8393913                    /home/acalcina/.m2/repository/org/apache/jclouds/labs/rackspace-cloudfiles-uk/1.9.0/rackspace-cloudfiles-uk-1.9.0.jar
7f6a17bb5000-7f6a17bb6000 r--s 00003000 08:02 8393831                    /home/acalcina/.m2/repository/org/apache/jclouds/provider/rackspace-cloudservers-uk/1.9.0/rackspace-cloudservers-uk-1.9.0.jar
7f6a17bb6000-7f6a17bb8000 r--s 00006000 08:02 3150323                    /home/acalcina/.m2/repository/com/google/code/findbugs/jsr305/2.0.1/jsr305-2.0.1.jar
7f6a17bb8000-7f6a17bb9000 r--s 00002000 08:02 4195072                    /home/acalcina/.m2/repository/com/github/fge/btf/1.2/btf-1.2.jar
7f6a17bb9000-7f6a17bbb000 r--s 00008000 08:02 4195080                    /home/acalcina/.m2/repository/com/github/fge/msg-simple/1.1/msg-simple-1.1.jar
7f6a17bbb000-7f6a17bbd000 r--s 00006000 08:02 4195068                    /home/acalcina/.m2/repository/com/github/fge/jackson-coreutils/1.6/jackson-coreutils-1.6.jar
7f6a17bbd000-7f6a17bbf000 r--s 00009000 08:02 4195085                    /home/acalcina/.m2/repository/com/github/fge/json-patch/1.9/json-patch-1.9.jar
7f6a17bbf000-7f6a17bc2000 r--s 0000f000 08:02 8393947                    /home/acalcina/.m2/repository/org/apache/jclouds/labs/openstack-poppy/1.9.0/openstack-poppy-1.9.0.jar
7f6a17bc2000-7f6a17bc4000 r--s 00002000 08:02 8393874                    /home/acalcina/.m2/repository/org/apache/jclouds/labs/rackspace-cdn-us/1.9.0/rackspace-cdn-us-1.9.0.jar
7f6a17bc4000-7f6a17bc8000 r--s 00015000 08:02 8521186                    /home/acalcina/.m2/repository/org/apache/jclouds/api/rackspace-clouddns/1.9.0/rackspace-clouddns-1.9.0.jar
7f6a17bc8000-7f6a17bca000 r--s 00002000 08:02 8393630                    /home/acalcina/.m2/repository/org/apache/jclouds/provider/rackspace-clouddns-us/1.9.0/rackspace-clouddns-us-1.9.0.jar
7f6a17bca000-7f6a17bcf000 r--s 00021000 08:02 8521153                    /home/acalcina/.m2/repository/org/apache/jclouds/api/rackspace-cloudloadbalancers/1.9.0/rackspace-cloudloadbalancers-1.9.0.jar
7f6a17bcf000-7f6a17bd0000 r--s 00005000 08:02 8521203                    /home/acalcina/.m2/repository/org/apache/jclouds/jclouds-loadbalancer/1.9.0/jclouds-loadbalancer-1.9.0.jar
7f6a17bd0000-7f6a17bd2000 r--s 00002000 08:02 8392360                    /home/acalcina/.m2/repository/org/apache/jclouds/provider/rackspace-cloudloadbalancers-us/1.9.0/rackspace-cloudloadbalancers-us-1.9.0.jar
7f6a17bd2000-7f6a17bd4000 r--s 0000c000 08:02 4984429                    /home/acalcina/.m2/repository/com/squareup/okio/okio/1.2.0/okio-1.2.0.jar
7f6a17bd4000-7f6a17bd9000 r--s 00047000 08:02 4326683                    /home/acalcina/.m2/repository/com/squareup/okhttp/okhttp/2.2.0/okhttp-2.2.0.jar
7f6a17bd9000-7f6a17bdb000 r--s 00003000 08:02 8391787                    /home/acalcina/.m2/repository/org/apache/jclouds/driver/jclouds-okhttp/1.9.0/jclouds-okhttp-1.9.0.jar
7f6a17bdb000-7f6a17bdf000 r--s 00010000 08:02 8393919                    /home/acalcina/.m2/repository/org/apache/jclouds/labs/openstack-marconi/1.9.0/openstack-marconi-1.9.0.jar
7f6a17bdf000-7f6a17be1000 r--s 00002000 08:02 8393890                    /home/acalcina/.m2/repository/org/apache/jclouds/labs/rackspace-cloudqueues-us/1.9.0/rackspace-cloudqueues-us-1.9.0.jar
7f6a17be1000-7f6a17be4000 r--s 0000a000 08:02 8521198                    /home/acalcina/.m2/repository/org/apache/jclouds/api/openstack-trove/1.9.0/openstack-trove-1.9.0.jar
7f6a17be4000-7f6a17be6000 r--s 00002000 08:02 8391922                    /home/acalcina/.m2/repository/org/apache/jclouds/provider/rackspace-clouddatabases-us/1.9.0/rackspace-clouddatabases-us-1.9.0.jar
7f6a17be6000-7f6a17be9000 r--s 0000e000 08:02 8521059                    /home/acalcina/.m2/repository/org/apache/jclouds/api/openstack-cinder/1.9.0/openstack-cinder-1.9.0.jar
7f6a17be9000-7f6a17beb000 r--s 00002000 08:02 8393748                    /home/acalcina/.m2/repository/org/apache/jclouds/provider/rackspace-cloudblockstorage-us/1.9.0/rackspace-cloudblockstorage-us-1.9.0.jar
7f6a17beb000-7f6a17bf1000 r--s 00028000 08:02 8393957                    /home/acalcina/.m2/repository/org/apache/jclouds/api/openstack-keystone/1.9.0/openstack-keystone-1.9.0.jar
7f6a17bf1000-7f6a17bf3000 r--s 00007000 08:02 8393883                    /home/acalcina/.m2/repository/org/apache/jclouds/labs/rackspace-cloudfiles/1.9.0/rackspace-cloudfiles-1.9.0.jar
7f6a17bf3000-7f6a17bf8000 r--s 00024000 08:02 8389078                    /home/acalcina/.m2/repository/org/apache/jclouds/jclouds-blobstore/1.9.0/jclouds-blobstore-1.9.0.jar
7f6a17bf8000-7f6a17bfc000 r--s 00019000 08:02 8521029                    /home/acalcina/.m2/repository/org/apache/jclouds/api/openstack-swift/1.9.0/openstack-swift-1.9.0.jar
7f6a17bfc000-7f6a17bfe000 r--s 00002000 08:02 8393903                    /home/acalcina/.m2/repository/org/apache/jclouds/labs/rackspace-cloudfiles-us/1.9.0/rackspace-cloudfiles-us-1.9.0.jar
7f6a17bfe000-7f6a17c00000 r--s 00007000 08:02 3150176                    /home/acalcina/.m2/repository/com/google/inject/extensions/guice-multibindings/3.0/guice-multibindings-3.0.jar
7f6a17c00000-7f6a17c0b000 r--s 0005a000 08:02 8521192                    /home/acalcina/.m2/repository/org/apache/jclouds/api/openstack-nova/1.9.0/openstack-nova-1.9.0.jar
7f6a17c0b000-7f6a17c0d000 r--s 00004000 08:02 8520902                    /home/acalcina/.m2/repository/org/apache/jclouds/api/rackspace-cloudidentity/1.9.0/rackspace-cloudidentity-1.9.0.jar
7f6a17c0d000-7f6a17c0e000 r--s 00003000 08:02 8393214                    /home/acalcina/.m2/repository/org/apache/jclouds/provider/rackspace-cloudservers-us/1.9.0/rackspace-cloudservers-us-1.9.0.jar
7f6a17c0e000-7f6a17c0f000 r--s 00001000 08:02 5507628                    /home/acalcina/.m2/repository/com/jcraft/jsch.agentproxy.pageant/0.0.8/jsch.agentproxy.pageant-0.0.8.jar
7f6a17c0f000-7f6a17c11000 r--s 00000000 08:02 5246381                    /home/acalcina/.m2/repository/com/jcraft/jsch.agentproxy.sshagent/0.0.8/jsch.agentproxy.sshagent-0.0.8.jar
7f6a17c11000-7f6a17c12000 r--s 00001000 08:02 5245387                    /home/acalcina/.m2/repository/com/jcraft/jsch.agentproxy.usocket-nc/0.0.8/jsch.agentproxy.usocket-nc-0.0.8.jar
7f6a17c12000-7f6a17c23000 r--s 00155000 08:02 1836674                    /home/acalcina/.m2/repository/net/java/dev/jna/jna-platform/4.1.0/jna-platform-4.1.0.jar
7f6a17c23000-7f6a17c27000 r--s 000dc000 08:02 1836689                    /home/acalcina/.m2/repository/net/java/dev/jna/jna/4.1.0/jna-4.1.0.jar
7f6a17c27000-7f6a17c28000 r--s 00001000 08:02 5245133                    /home/acalcina/.m2/repository/com/jcraft/jsch.agentproxy.usocket-jna/0.0.8/jsch.agentproxy.usocket-jna-0.0.8.jar
7f6a17c28000-7f6a17c29000 r--s 00002000 08:02 5245399                    /home/acalcina/.m2/repository/com/jcraft/jsch.agentproxy.connector-factory/0.0.8/jsch.agentproxy.connector-factory-0.0.8.jar
7f6a17c29000-7f6a17c2b000 r--s 00001000 08:02 5509302                    /home/acalcina/.m2/repository/com/jcraft/jsch.agentproxy.core/0.0.8/jsch.agentproxy.core-0.0.8.jar
7f6a17c2b000-7f6a17c2c000 r--s 00000000 08:02 5509331                    /home/acalcina/.m2/repository/com/jcraft/jsch.agentproxy.sshj/0.0.8/jsch.agentproxy.sshj-0.0.8.jar
7f6a17c2c000-7f6a17c3c000 r--s 0008a000 08:02 9576358                    /home/acalcina/.m2/repository/org/bouncycastle/bcpkix-jdk15on/1.49/bcpkix-jdk15on-1.49.jar
7f6a17c3c000-7f6a17c44000 r--s 0004e000 08:02 1836762                    /home/acalcina/.m2/repository/net/schmizz/sshj/0.8.1/sshj-0.8.1.jar
7f6a17c44000-7f6a17c7d000 r--s 00237000 08:02 13110483                   /home/acalcina/.m2/repository/org/bouncycastle/bcprov-ext-jdk15on/1.49/bcprov-ext-jdk15on-1.49.jar
7f6a17c7d000-7f6a17c7e000 r--s 00002000 08:02 8391783                    /home/acalcina/.m2/repository/org/apache/jclouds/driver/jclouds-bouncycastle/1.9.0/jclouds-bouncycastle-1.9.0.jar
7f6a17c7e000-7f6a17c8a000 r--s 00072000 08:02 8393865                    /home/acalcina/.m2/repository/org/apache/jclouds/jclouds-compute/1.9.0/jclouds-compute-1.9.0.jar
7f6a17c8a000-7f6a17cb5000 r--s 001f5000 08:02 4065709                    /home/acalcina/.m2/repository/com/google/guava/guava/16.0.1/guava-16.0.1.jar
7f6a17cb5000-7f6a17cfd000 r--s 002d9000 08:02 13110456                   /home/acalcina/.m2/repository/org/bouncycastle/bcprov-jdk15on/1.54/bcprov-jdk15on-1.54.jar
7f6a17cfd000-7f6a17cfe000 ---p 00000000 00:00 0 
7f6a17cfe000-7f6a17dfe000 rw-p 00000000 00:00 0 
7f6a17dfe000-7f6a17e01000 ---p 00000000 00:00 0 
7f6a17e01000-7f6a17eff000 rw-p 00000000 00:00 0 
7f6a17eff000-7f6a17f02000 ---p 00000000 00:00 0 
7f6a17f02000-7f6a18000000 rw-p 00000000 00:00 0 
7f6a18000000-7f6a18021000 rw-p 00000000 00:00 0 
7f6a18021000-7f6a1c000000 ---p 00000000 00:00 0 
7f6a1c000000-7f6a1c005000 r--s 00026000 08:02 8391773                    /home/acalcina/.m2/repository/org/apache/jclouds/jclouds-scriptbuilder/1.9.0/jclouds-scriptbuilder-1.9.0.jar
7f6a1c005000-7f6a1c007000 r--s 00008000 08:02 8391801                    /home/acalcina/.m2/repository/org/apache/jclouds/driver/jclouds-sshj/1.9.0/jclouds-sshj-1.9.0.jar
7f6a1c007000-7f6a1c00c000 r--s 0002e000 08:02 3150334                    /home/acalcina/.m2/repository/com/google/code/gson/gson/2.3/gson-2.3.jar
7f6a1c00c000-7f6a1c00d000 r--s 00001000 08:02 1837006                    /home/acalcina/.m2/repository/javax/annotation/jsr250-api/1.0/jsr250-api-1.0.jar
7f6a1c00d000-7f6a1c00e000 r--s 00000000 08:02 1836842                    /home/acalcina/.m2/repository/javax/inject/javax.inject/1/javax.inject-1.jar
7f6a1c00e000-7f6a1c010000 r--s 0000a000 08:02 14026789                   /home/acalcina/.m2/repository/org/99soft/guice/rocoto/6.2/rocoto-6.2.jar
7f6a1c010000-7f6a1c012000 r--s 00000000 08:02 1835591                    /home/acalcina/.m2/repository/aopalliance/aopalliance/1.0/aopalliance-1.0.jar
7f6a1c012000-7f6a1c021000 r--s 0009f000 08:02 3150218                    /home/acalcina/.m2/repository/com/google/inject/guice/3.0/guice-3.0.jar
7f6a1c021000-7f6a1c023000 r--s 00008000 08:02 3150141                    /home/acalcina/.m2/repository/com/google/inject/extensions/guice-assistedinject/3.0/guice-assistedinject-3.0.jar
7f6a1c023000-7f6a1c035000 r--s 000a1000 08:02 8391808                    /home/acalcina/.m2/repository/org/apache/jclouds/jclouds-core/1.9.0/jclouds-core-1.9.0.jar
7f6a1c035000-7f6a1c046000 r--s 00094000 08:02 9703979                    /home/acalcina/.m2/repository/org/bouncycastle/bcpkix-jdk15on/1.54/bcpkix-jdk15on-1.54.jar
7f6a1c046000-7f6a1c06b000 r--s 001d3000 08:02 14682677                   /home/acalcina/.m2/repository/org/mongodb/mongo-java-driver/3.9.0/mongo-java-driver-3.9.0.jar
7f6a1c06b000-7f6a1c070000 r--s 00041000 08:02 6953066                    /home/acalcina/.m2/repository/commons-lang/commons-lang/2.6/commons-lang-2.6.jar
7f6a1c070000-7f6a1c08c000 r--s 00103000 08:02 8657455                    /home/acalcina/.m2/repository/org/mockito/mockito-core/1.10.19/mockito-core-1.10.19.jar
7f6a1c08c000-7f6a1c0ae000 r--s 001ad000 08:02 14026864                   /home/acalcina/.m2/repository/org/mongodb/mongo-java-driver/3.6.1/mongo-java-driver-3.6.1.jar
7f6a1c0ae000-7f6a1c0b1000 ---p 00000000 00:00 0 
7f6a1c0b1000-7f6a1c1af000 rw-p 00000000 00:00 0 
7f6a1c1af000-7f6a1c1b2000 ---p 00000000 00:00 0 
7f6a1c1b2000-7f6a20000000 rw-p 00000000 00:00 0 
7f6a20000000-7f6a20021000 rw-p 00000000 00:00 0 
7f6a20021000-7f6a24000000 ---p 00000000 00:00 0 
7f6a24000000-7f6a24002000 r--s 0000a000 08:02 1836979                    /home/acalcina/.m2/repository/javax/ws/rs/jsr311-api/1.1.1/jsr311-api-1.1.1.jar
7f6a24002000-7f6a24014000 r--s 00133000 08:02 3019126                    /home/acalcina/.m2/repository/com/fasterxml/jackson/core/jackson-databind/2.9.1/jackson-databind-2.9.1.jar
7f6a24014000-7f6a24017000 ---p 00000000 00:00 0 
7f6a24017000-7f6a24115000 rw-p 00000000 00:00 0 
7f6a24115000-7f6a24118000 ---p 00000000 00:00 0 
7f6a24118000-7f6a24216000 rw-p 00000000 00:00 0 
7f6a24216000-7f6a24219000 ---p 00000000 00:00 0 
7f6a24219000-7f6a24317000 rw-p 00000000 00:00 0 
7f6a24317000-7f6a2431b000 r-xp 00000000 08:02 29884842                   /usr/lib/jvm/java-8-oracle/jre/lib/amd64/libdt_socket.so
7f6a2431b000-7f6a2451a000 ---p 00004000 08:02 29884842                   /usr/lib/jvm/java-8-oracle/jre/lib/amd64/libdt_socket.so
7f6a2451a000-7f6a2451b000 r--p 00003000 08:02 29884842                   /usr/lib/jvm/java-8-oracle/jre/lib/amd64/libdt_socket.so
7f6a2451b000-7f6a2451c000 rw-p 00004000 08:02 29884842                   /usr/lib/jvm/java-8-oracle/jre/lib/amd64/libdt_socket.so
7f6a2451c000-7f6a2451f000 ---p 00000000 00:00 0 
7f6a2451f000-7f6a2461d000 rw-p 00000000 00:00 0 
7f6a2461d000-7f6a24620000 ---p 00000000 00:00 0 
7f6a24620000-7f6a2471e000 rw-p 00000000 00:00 0 
7f6a2471e000-7f6a24721000 ---p 00000000 00:00 0 
7f6a24721000-7f6a2481f000 rw-p 00000000 00:00 0 
7f6a2481f000-7f6a24820000 ---p 00000000 00:00 0 
7f6a24820000-7f6a25892000 rw-p 00000000 00:00 0 
7f6a25892000-7f6a25a6c000 r--s 03d6c000 08:02 29495795                   /usr/lib/jvm/java-8-oracle/jre/lib/rt.jar
7f6a25a6c000-7f6a26641000 rw-p 00000000 00:00 0 
7f6a26641000-7f6a26642000 ---p 00000000 00:00 0 
7f6a26642000-7f6a26742000 rw-p 00000000 00:00 0 
7f6a26742000-7f6a26743000 ---p 00000000 00:00 0 
7f6a26743000-7f6a26843000 rw-p 00000000 00:00 0 
7f6a26843000-7f6a26844000 ---p 00000000 00:00 0 
7f6a26844000-7f6a2696e000 rw-p 00000000 00:00 0 
7f6a2696e000-7f6a26bd2000 ---p 00000000 00:00 0 
7f6a26bd2000-7f6a26bfc000 rw-p 00000000 00:00 0 
7f6a26bfc000-7f6a26e60000 ---p 00000000 00:00 0 
7f6a26e60000-7f6a26e75000 rw-p 00000000 00:00 0 
7f6a26e75000-7f6a26fa7000 ---p 00000000 00:00 0 
7f6a26fa7000-7f6a26fc4000 rw-p 00000000 00:00 0 
7f6a26fc4000-7f6a27368000 ---p 00000000 00:00 0 
7f6a27368000-7f6a27a48000 rwxp 00000000 00:00 0 
7f6a27a48000-7f6a36368000 ---p 00000000 00:00 0 
7f6a36368000-7f6a36382000 r-xp 00000000 08:02 29884965                   /usr/lib/jvm/java-8-oracle/jre/lib/amd64/libzip.so
7f6a36382000-7f6a36582000 ---p 0001a000 08:02 29884965                   /usr/lib/jvm/java-8-oracle/jre/lib/amd64/libzip.so
7f6a36582000-7f6a36583000 r--p 0001a000 08:02 29884965                   /usr/lib/jvm/java-8-oracle/jre/lib/amd64/libzip.so
7f6a36583000-7f6a36584000 rw-p 0001b000 08:02 29884965                   /usr/lib/jvm/java-8-oracle/jre/lib/amd64/libzip.so
7f6a36584000-7f6a3658f000 r-xp 00000000 08:02 6296088                    /lib/x86_64-linux-gnu/libnss_files-2.23.so
7f6a3658f000-7f6a3678e000 ---p 0000b000 08:02 6296088                    /lib/x86_64-linux-gnu/libnss_files-2.23.so
7f6a3678e000-7f6a3678f000 r--p 0000a000 08:02 6296088                    /lib/x86_64-linux-gnu/libnss_files-2.23.so
7f6a3678f000-7f6a36790000 rw-p 0000b000 08:02 6296088                    /lib/x86_64-linux-gnu/libnss_files-2.23.so
7f6a36790000-7f6a36796000 rw-p 00000000 00:00 0 
7f6a36796000-7f6a367a1000 r-xp 00000000 08:02 6296098                    /lib/x86_64-linux-gnu/libnss_nis-2.23.so
7f6a367a1000-7f6a369a0000 ---p 0000b000 08:02 6296098                    /lib/x86_64-linux-gnu/libnss_nis-2.23.so
7f6a369a0000-7f6a369a1000 r--p 0000a000 08:02 6296098                    /lib/x86_64-linux-gnu/libnss_nis-2.23.so
7f6a369a1000-7f6a369a2000 rw-p 0000b000 08:02 6296098                    /lib/x86_64-linux-gnu/libnss_nis-2.23.so
7f6a369a2000-7f6a369b8000 r-xp 00000000 08:02 6296082                    /lib/x86_64-linux-gnu/libnsl-2.23.so
7f6a369b8000-7f6a36bb7000 ---p 00016000 08:02 6296082                    /lib/x86_64-linux-gnu/libnsl-2.23.so
7f6a36bb7000-7f6a36bb8000 r--p 00015000 08:02 6296082                    /lib/x86_64-linux-gnu/libnsl-2.23.so
7f6a36bb8000-7f6a36bb9000 rw-p 00016000 08:02 6296082                    /lib/x86_64-linux-gnu/libnsl-2.23.so
7f6a36bb9000-7f6a36bbb000 rw-p 00000000 00:00 0 
7f6a36bbb000-7f6a36bc3000 r-xp 00000000 08:02 6296084                    /lib/x86_64-linux-gnu/libnss_compat-2.23.so
7f6a36bc3000-7f6a36dc2000 ---p 00008000 08:02 6296084                    /lib/x86_64-linux-gnu/libnss_compat-2.23.so
7f6a36dc2000-7f6a36dc3000 r--p 00007000 08:02 6296084                    /lib/x86_64-linux-gnu/libnss_compat-2.23.so
7f6a36dc3000-7f6a36dc4000 rw-p 00008000 08:02 6296084                    /lib/x86_64-linux-gnu/libnss_compat-2.23.so
7f6a36dc4000-7f6a37783000 r--p 00000000 08:02 27007880                   /usr/lib/locale/locale-archive
7f6a37783000-7f6a37785000 r-xp 00000000 08:02 29884847                   /usr/lib/jvm/java-8-oracle/jre/lib/amd64/libnpt.so
7f6a37785000-7f6a37985000 ---p 00002000 08:02 29884847                   /usr/lib/jvm/java-8-oracle/jre/lib/amd64/libnpt.so
7f6a37985000-7f6a37986000 r--p 00002000 08:02 29884847                   /usr/lib/jvm/java-8-oracle/jre/lib/amd64/libnpt.so
7f6a37986000-7f6a37987000 rw-p 00003000 08:02 29884847                   /usr/lib/jvm/java-8-oracle/jre/lib/amd64/libnpt.so
7f6a37987000-7f6a379c1000 r-xp 00000000 08:02 29884886                   /usr/lib/jvm/java-8-oracle/jre/lib/amd64/libjdwp.so
7f6a379c1000-7f6a37bc0000 ---p 0003a000 08:02 29884886                   /usr/lib/jvm/java-8-oracle/jre/lib/amd64/libjdwp.so
7f6a37bc0000-7f6a37bc1000 r--p 00039000 08:02 29884886                   /usr/lib/jvm/java-8-oracle/jre/lib/amd64/libjdwp.so
7f6a37bc1000-7f6a37bc2000 rw-p 0003a000 08:02 29884886                   /usr/lib/jvm/java-8-oracle/jre/lib/amd64/libjdwp.so
7f6a37bc2000-7f6a37bef000 r-xp 00000000 08:02 29884959                   /usr/lib/jvm/java-8-oracle/jre/lib/amd64/libjava.so
7f6a37bef000-7f6a37dee000 ---p 0002d000 08:02 29884959                   /usr/lib/jvm/java-8-oracle/jre/lib/amd64/libjava.so
7f6a37dee000-7f6a37def000 r--p 0002c000 08:02 29884959                   /usr/lib/jvm/java-8-oracle/jre/lib/amd64/libjava.so
7f6a37def000-7f6a37df1000 rw-p 0002d000 08:02 29884959                   /usr/lib/jvm/java-8-oracle/jre/lib/amd64/libjava.so
7f6a37df1000-7f6a37dfe000 r-xp 00000000 08:02 29884964                   /usr/lib/jvm/java-8-oracle/jre/lib/amd64/libverify.so
7f6a37dfe000-7f6a37ffd000 ---p 0000d000 08:02 29884964                   /usr/lib/jvm/java-8-oracle/jre/lib/amd64/libverify.so
7f6a37ffd000-7f6a37fff000 r--p 0000c000 08:02 29884964                   /usr/lib/jvm/java-8-oracle/jre/lib/amd64/libverify.so
7f6a37fff000-7f6a38000000 rw-p 0000e000 08:02 29884964                   /usr/lib/jvm/java-8-oracle/jre/lib/amd64/libverify.so
7f6a38000000-7f6a38a72000 rw-p 00000000 00:00 0 
7f6a38a72000-7f6a3c000000 ---p 00000000 00:00 0 
7f6a3c000000-7f6a3c001000 r--s 00002000 08:02 8391794                    /home/acalcina/.m2/repository/org/apache/jclouds/driver/jclouds-slf4j/1.9.0/jclouds-slf4j-1.9.0.jar
7f6a3c001000-7f6a3c004000 r--s 00013000 08:02 1835506                    /home/acalcina/.m2/repository/commons-io/commons-io/1.3.2/commons-io-1.3.2.jar
7f6a3c004000-7f6a3c008000 r--s 0004b000 08:02 3019272                    /home/acalcina/.m2/repository/com/fasterxml/jackson/core/jackson-core/2.9.1/jackson-core-2.9.1.jar
7f6a3c008000-7f6a3c00b000 r--s 0000e000 08:02 2887222                    /home/acalcina/.m2/repository/com/fasterxml/jackson/core/jackson-annotations/2.9.0/jackson-annotations-2.9.0.jar
7f6a3c00b000-7f6a3c00d000 r--s 00009000 08:02 13763848                   /home/acalcina/.m2/repository/org/objenesis/objenesis/2.1/objenesis-2.1.jar
7f6a3c00d000-7f6a3c015000 r--s 00045000 08:02 1835634                    /home/acalcina/.m2/repository/junit/junit/4.12/junit-4.12.jar
7f6a3c015000-7f6a3c0fb000 rw-p 00000000 00:00 0 
7f6a3c0fb000-7f6a3c0fc000 ---p 00000000 00:00 0 
7f6a3c0fc000-7f6a3c1fc000 rw-p 00000000 00:00 0 
7f6a3c1fc000-7f6a3c203000 r-xp 00000000 08:02 6296143                    /lib/x86_64-linux-gnu/librt-2.23.so
7f6a3c203000-7f6a3c402000 ---p 00007000 08:02 6296143                    /lib/x86_64-linux-gnu/librt-2.23.so
7f6a3c402000-7f6a3c403000 r--p 00006000 08:02 6296143                    /lib/x86_64-linux-gnu/librt-2.23.so
7f6a3c403000-7f6a3c404000 rw-p 00007000 08:02 6296143                    /lib/x86_64-linux-gnu/librt-2.23.so
7f6a3c404000-7f6a3c50c000 r-xp 00000000 08:02 6296059                    /lib/x86_64-linux-gnu/libm-2.23.so
7f6a3c50c000-7f6a3c70b000 ---p 00108000 08:02 6296059                    /lib/x86_64-linux-gnu/libm-2.23.so
7f6a3c70b000-7f6a3c70c000 r--p 00107000 08:02 6296059                    /lib/x86_64-linux-gnu/libm-2.23.so
7f6a3c70c000-7f6a3c70d000 rw-p 00108000 08:02 6296059                    /lib/x86_64-linux-gnu/libm-2.23.so
7f6a3c70d000-7f6a3d3ef000 r-xp 00000000 08:02 29884867                   /usr/lib/jvm/java-8-oracle/jre/lib/amd64/server/libjvm.so
7f6a3d3ef000-7f6a3d5ef000 ---p 00ce2000 08:02 29884867                   /usr/lib/jvm/java-8-oracle/jre/lib/amd64/server/libjvm.so
7f6a3d5ef000-7f6a3d685000 r--p 00ce2000 08:02 29884867                   /usr/lib/jvm/java-8-oracle/jre/lib/amd64/server/libjvm.so
7f6a3d685000-7f6a3d6b6000 rw-p 00d78000 08:02 29884867                   /usr/lib/jvm/java-8-oracle/jre/lib/amd64/server/libjvm.so
7f6a3d6b6000-7f6a3d6f1000 rw-p 00000000 00:00 0 
7f6a3d6f1000-7f6a3d8b1000 r-xp 00000000 08:02 6295989                    /lib/x86_64-linux-gnu/libc-2.23.so
7f6a3d8b1000-7f6a3dab1000 ---p 001c0000 08:02 6295989                    /lib/x86_64-linux-gnu/libc-2.23.so
7f6a3dab1000-7f6a3dab5000 r--p 001c0000 08:02 6295989                    /lib/x86_64-linux-gnu/libc-2.23.so
7f6a3dab5000-7f6a3dab7000 rw-p 001c4000 08:02 6295989                    /lib/x86_64-linux-gnu/libc-2.23.so
7f6a3dab7000-7f6a3dabb000 rw-p 00000000 00:00 0 
7f6a3dabb000-7f6a3dabe000 r-xp 00000000 08:02 6296013                    /lib/x86_64-linux-gnu/libdl-2.23.so
7f6a3dabe000-7f6a3dcbd000 ---p 00003000 08:02 6296013                    /lib/x86_64-linux-gnu/libdl-2.23.so
7f6a3dcbd000-7f6a3dcbe000 r--p 00002000 08:02 6296013                    /lib/x86_64-linux-gnu/libdl-2.23.so
7f6a3dcbe000-7f6a3dcbf000 rw-p 00003000 08:02 6296013                    /lib/x86_64-linux-gnu/libdl-2.23.so
7f6a3dcbf000-7f6a3dcd6000 r-xp 00000000 08:02 29885031                   /usr/lib/jvm/java-8-oracle/lib/amd64/jli/libjli.so
7f6a3dcd6000-7f6a3ded5000 ---p 00017000 08:02 29885031                   /usr/lib/jvm/java-8-oracle/lib/amd64/jli/libjli.so
7f6a3ded5000-7f6a3ded6000 r--p 00016000 08:02 29885031                   /usr/lib/jvm/java-8-oracle/lib/amd64/jli/libjli.so
7f6a3ded6000-7f6a3ded7000 rw-p 00017000 08:02 29885031                   /usr/lib/jvm/java-8-oracle/lib/amd64/jli/libjli.so
7f6a3ded7000-7f6a3deef000 r-xp 00000000 08:02 6296135                    /lib/x86_64-linux-gnu/libpthread-2.23.so
7f6a3deef000-7f6a3e0ee000 ---p 00018000 08:02 6296135                    /lib/x86_64-linux-gnu/libpthread-2.23.so
7f6a3e0ee000-7f6a3e0ef000 r--p 00017000 08:02 6296135                    /lib/x86_64-linux-gnu/libpthread-2.23.so
7f6a3e0ef000-7f6a3e0f0000 rw-p 00018000 08:02 6296135                    /lib/x86_64-linux-gnu/libpthread-2.23.so
7f6a3e0f0000-7f6a3e0f4000 rw-p 00000000 00:00 0 
7f6a3e0f4000-7f6a3e11a000 r-xp 00000000 08:02 6295961                    /lib/x86_64-linux-gnu/ld-2.23.so
7f6a3e11a000-7f6a3e11b000 r--s 00001000 08:02 4195009                    /home/acalcina/.m2/repository/com/github/jkutner/env-keystore/0.1.3/env-keystore-0.1.3.jar
7f6a3e11b000-7f6a3e11d000 r--s 00009000 08:02 9047431                    /home/acalcina/.m2/repository/org/hamcrest/hamcrest-core/1.3/hamcrest-core-1.3.jar
7f6a3e11d000-7f6a3e12a000 r--s 00083000 08:02 15342389                   /home/acalcina/.m2/repository/com/rabbitmq/amqp-client/5.4.2/amqp-client-5.4.2.jar
7f6a3e12a000-7f6a3e1f5000 rw-p 00000000 00:00 0 
7f6a3e1f5000-7f6a3e1f8000 ---p 00000000 00:00 0 
7f6a3e1f8000-7f6a3e2fb000 rw-p 00000000 00:00 0 
7f6a3e2fb000-7f6a3e2fc000 r--s 00002000 08:02 14027148                   /home/acalcina/.m2/repository/org/slf4j/slf4j-simple/1.7.22/slf4j-simple-1.7.22.jar
7f6a3e2fc000-7f6a3e303000 r--s 0003f000 08:02 7479320                    /home/acalcina/.m2/repository/commons-codec/commons-codec/1.10/commons-codec-1.10.jar
7f6a3e303000-7f6a3e30c000 r--s 0006f000 08:02 6689500                    /home/acalcina/.m2/repository/log4j/log4j/1.2.17/log4j-1.2.17.jar
7f6a3e30c000-7f6a3e30e000 r--s 00009000 08:02 14027052                   /home/acalcina/.m2/repository/org/slf4j/slf4j-api/1.7.25/slf4j-api-1.7.25.jar
7f6a3e30e000-7f6a3e30f000 r--s 00002000 08:02 14027099                   /home/acalcina/.m2/repository/org/slf4j/slf4j-log4j12/1.7.25/slf4j-log4j12-1.7.25.jar
7f6a3e30f000-7f6a3e317000 rw-s 00000000 08:02 1181010                    /tmp/hsperfdata_acalcina/16204
7f6a3e317000-7f6a3e318000 rw-p 00000000 00:00 0 
7f6a3e318000-7f6a3e319000 ---p 00000000 00:00 0 
7f6a3e319000-7f6a3e31a000 r--p 00025000 08:02 6295961                    /lib/x86_64-linux-gnu/ld-2.23.so
7f6a3e31a000-7f6a3e31b000 rw-p 00026000 08:02 6295961                    /lib/x86_64-linux-gnu/ld-2.23.so
7f6a3e31b000-7f6a3e31c000 rw-p 00000000 00:00 0 
7ffc3556c000-7ffc35590000 rw-p 00000000 00:00 0                          [stack]
7ffc355d6000-7ffc355d9000 r--p 00000000 00:00 0                          [vvar]
7ffc355d9000-7ffc355db000 r-xp 00000000 00:00 0                          [vdso]
ffffffffff600000-ffffffffff601000 r-xp 00000000 00:00 0                  [vsyscall]

VM Arguments:
jvm_args: -agentlib:jdwp=transport=dt_socket,suspend=y,address=localhost:43539 -Dfile.encoding=UTF-8 
java_command: main.query
java_class_path (initial): /home/acalcina/workspace/OSE-Query/target/classes:/home/acalcina/git/storage-rackspace/target/classes:/home/acalcina/git/storage-rackspace/target/test-classes:/home/acalcina/.m2/repository/org/mongodb/mongo-java-driver/3.6.1/mongo-java-driver-3.6.1.jar:/home/acalcina/.m2/repository/org/slf4j/slf4j-log4j12/1.7.25/slf4j-log4j12-1.7.25.jar:/home/acalcina/.m2/repository/org/slf4j/slf4j-api/1.7.25/slf4j-api-1.7.25.jar:/home/acalcina/.m2/repository/log4j/log4j/1.2.17/log4j-1.2.17.jar:/home/acalcina/git/message-broker/target/classes:/home/acalcina/git/message-broker/target/test-classes:/home/acalcina/.m2/repository/com/rabbitmq/amqp-client/5.4.2/amqp-client-5.4.2.jar:/home/acalcina/.m2/repository/commons-codec/commons-codec/1.10/commons-codec-1.10.jar:/home/acalcina/.m2/repository/org/slf4j/slf4j-simple/1.7.22/slf4j-simple-1.7.22.jar:/home/acalcina/.m2/repository/junit/junit/4.12/junit-4.12.jar:/home/acalcina/.m2/repository/org/hamcrest/hamcrest-core/1.3/hamcrest-core-1.3.jar:/home/acalcina/.m2/repository/org/mockito/mockito-core/1.10.19/mockito-core-1.10.19.jar:/home/acalcina/.m2/repository/org/objenesis/objenesis/2.1/objenesis-2.1.jar:/home/acalcina/.m2/repository/com/fasterxml/jackson/core/jackson-databind/2.9.1/jackson-databind-2.9.1.jar:/home/acalcina/.m2/repository/com/fasterxml/jackson/core/jackson-annotations/2.9.0/jackson-annotations-2.9.0.jar:/home/acalcina/.m2/repository/com/fasterxml/jackson/core/jackson-core/2.9.1/jackson-core-2.9.1.jar:/home/acalcina/.m2/repository/commons-lang/commons-lang/2.6/commons-lang-2.6.jar:/home/acalcina/git/dbconnection/target/classes:/home/acalcina/git/dbconnection/target/test-classes:/home/acalcina/.m2/repository/org/mongodb/mongo-java-driver/3.9.0/mongo-java-driver-3.9.0.jar:/home/acalcina/.m2/repository/com/github/jkutner/env-keystore/0.1.3/env-keystore-0.1.3.jar:/home/acalcina/.m2/repository/org/bouncycastle/bcpkix-jdk15on/1.54/bcpkix-jdk15on-1.54.jar:/home/acalcina/.m2/repository/org/bouncycastle/b
Launcher Type: SUN_STANDARD

Environment Variables:
JAVA_HOME=/usr/lib/jvm/java-8-oracle
PATH=/home/acalcina/bin:/home/acalcina/.local/bin:/usr/local/sbin:/usr/local/bin:/usr/sbin:/usr/bin:/sbin:/bin:/usr/games:/usr/local/games:/snap/bin:/usr/lib/jvm/java-8-oracle/bin:/usr/lib/jvm/java-8-oracle/db/bin:/usr/lib/jvm/java-8-oracle/jre/bin
SHELL=/bin/bash
DISPLAY=:0

Signal Handlers:
SIGSEGV: [libjvm.so+0xaced60], sa_mask[0]=11111111011111111101111111111110, sa_flags=SA_RESTART|SA_SIGINFO
SIGBUS: [libjvm.so+0xaced60], sa_mask[0]=11111111011111111101111111111110, sa_flags=SA_RESTART|SA_SIGINFO
SIGFPE: [libjvm.so+0x907ca0], sa_mask[0]=11111111011111111101111111111110, sa_flags=SA_RESTART|SA_SIGINFO
SIGPIPE: [libjvm.so+0x907ca0], sa_mask[0]=11111111011111111101111111111110, sa_flags=SA_RESTART|SA_SIGINFO
SIGXFSZ: [libjvm.so+0x907ca0], sa_mask[0]=11111111011111111101111111111110, sa_flags=SA_RESTART|SA_SIGINFO
SIGILL: [libjvm.so+0x907ca0], sa_mask[0]=11111111011111111101111111111110, sa_flags=SA_RESTART|SA_SIGINFO
SIGUSR1: SIG_DFL, sa_mask[0]=00000000000000000000000000000000, sa_flags=none
SIGUSR2: [libjvm.so+0x907b70], sa_mask[0]=00100000000000000000000000000000, sa_flags=SA_RESTART|SA_SIGINFO
SIGHUP: [libjvm.so+0x908190], sa_mask[0]=11111111011111111101111111111110, sa_flags=SA_RESTART|SA_SIGINFO
SIGINT: [libjvm.so+0x908190], sa_mask[0]=11111111011111111101111111111110, sa_flags=SA_RESTART|SA_SIGINFO
SIGTERM: [libjvm.so+0x908190], sa_mask[0]=11111111011111111101111111111110, sa_flags=SA_RESTART|SA_SIGINFO
SIGQUIT: [libjvm.so+0x908190], sa_mask[0]=11111111011111111101111111111110, sa_flags=SA_RESTART|SA_SIGINFO


---------------  S Y S T E M  ---------------

OS:DISTRIB_ID=Ubuntu
DISTRIB_RELEASE=16.04
DISTRIB_CODENAME=xenial
DISTRIB_DESCRIPTION="Ubuntu 16.04.5 LTS"

uname:Linux 4.16.2-041602-generic #201804121130 SMP Thu Apr 12 11:32:17 UTC 2018 x86_64
libc:glibc 2.23 NPTL 2.23 
rlimit: STACK 8192k, CORE 0k, NPROC 30251, NOFILE 1048576, AS infinity
load average:0,41 0,71 0,69

/proc/meminfo:
MemTotal:        8028644 kB
MemFree:          183744 kB
MemAvailable:     866388 kB
Buffers:          180708 kB
Cached:          1185308 kB
SwapCached:        12920 kB
Active:          6082584 kB
Inactive:        1374664 kB
Active(anon):    5629096 kB
Inactive(anon):   993476 kB
Active(file):     453488 kB
Inactive(file):   381188 kB
Unevictable:         352 kB
Mlocked:             352 kB
SwapTotal:       8248316 kB
SwapFree:        8124668 kB
Dirty:               448 kB
Writeback:             0 kB
AnonPages:       6078936 kB
Mapped:           674984 kB
Shmem:            531336 kB
Slab:             230792 kB
SReclaimable:     134780 kB
SUnreclaim:        96012 kB
KernelStack:       16224 kB
PageTables:        74440 kB
NFS_Unstable:          0 kB
Bounce:                0 kB
WritebackTmp:          0 kB
CommitLimit:    12262636 kB
Committed_AS:   14659796 kB
VmallocTotal:   34359738367 kB
VmallocUsed:           0 kB
VmallocChunk:          0 kB
HardwareCorrupted:     0 kB
AnonHugePages:         0 kB
ShmemHugePages:        0 kB
ShmemPmdMapped:        0 kB
CmaTotal:              0 kB
CmaFree:               0 kB
HugePages_Total:       0
HugePages_Free:        0
HugePages_Rsvd:        0
HugePages_Surp:        0
Hugepagesize:       2048 kB
Hugetlb:               0 kB
DirectMap4k:      265644 kB
DirectMap2M:     7983104 kB
DirectMap1G:     1048576 kB

container (cgroup) information:
container_type: cgroupv1
cpu_cpuset_cpus: 0-3
cpu_memory_nodes: 0
active_processor_count: 4
cpu_quota: -1
cpu_period: 100000
cpu_shares: -1
memory_limit_in_bytes: -1
memory_and_swap_limit_in_bytes: -2
memory_soft_limit_in_bytes: -1
memory_usage_in_bytes: 7328419840
memory_max_usage_in_bytes: 7395434496


CPU:total 4 (initial active 4) (4 cores per cpu, 1 threads per core) family 6 model 60 stepping 3, cmov, cx8, fxsr, mmx, sse, sse2, sse3, ssse3, sse4.1, sse4.2, popcnt, avx, avx2, aes, clmul, erms, lzcnt, tsc, tscinvbit, bmi1, bmi2

/proc/cpuinfo:
processor	: 0
vendor_id	: GenuineIntel
cpu family	: 6
model		: 60
model name	: Intel(R) Core(TM) i5-4440 CPU @ 3.10GHz
stepping	: 3
microcode	: 0x25
cpu MHz		: 3183.705
cache size	: 6144 KB
physical id	: 0
siblings	: 4
core id		: 0
cpu cores	: 4
apicid		: 0
initial apicid	: 0
fpu		: yes
fpu_exception	: yes
cpuid level	: 13
wp		: yes
flags		: fpu vme de pse tsc msr pae mce cx8 apic sep mtrr pge mca cmov pat pse36 clflush dts acpi mmx fxsr sse sse2 ss ht tm pbe syscall nx pdpe1gb rdtscp lm constant_tsc arch_perfmon pebs bts rep_good nopl xtopology nonstop_tsc cpuid aperfmperf pni pclmulqdq dtes64 monitor ds_cpl vmx est tm2 ssse3 sdbg fma cx16 xtpr pdcm pcid sse4_1 sse4_2 x2apic movbe popcnt tsc_deadline_timer aes xsave avx f16c rdrand lahf_lm abm cpuid_fault epb invpcid_single pti tpr_shadow vnmi flexpriority ept vpid fsgsbase tsc_adjust bmi1 avx2 smep bmi2 erms invpcid xsaveopt ibpb ibrs stibp dtherm ida arat pln pts
bugs		: cpu_meltdown spectre_v1 spectre_v2
bogomips	: 6186.24
clflush size	: 64
cache_alignment	: 64
address sizes	: 39 bits physical, 48 bits virtual
power management:

processor	: 1
vendor_id	: GenuineIntel
cpu family	: 6
model		: 60
model name	: Intel(R) Core(TM) i5-4440 CPU @ 3.10GHz
stepping	: 3
microcode	: 0x25
cpu MHz		: 3183.234
cache size	: 6144 KB
physical id	: 0
siblings	: 4
core id		: 1
cpu cores	: 4
apicid		: 2
initial apicid	: 2
fpu		: yes
fpu_exception	: yes
cpuid level	: 13
wp		: yes
flags		: fpu vme de pse tsc msr pae mce cx8 apic sep mtrr pge mca cmov pat pse36 clflush dts acpi mmx fxsr sse sse2 ss ht tm pbe syscall nx pdpe1gb rdtscp lm constant_tsc arch_perfmon pebs bts rep_good nopl xtopology nonstop_tsc cpuid aperfmperf pni pclmulqdq dtes64 monitor ds_cpl vmx est tm2 ssse3 sdbg fma cx16 xtpr pdcm pcid sse4_1 sse4_2 x2apic movbe popcnt tsc_deadline_timer aes xsave avx f16c rdrand lahf_lm abm cpuid_fault epb invpcid_single pti tpr_shadow vnmi flexpriority ept vpid fsgsbase tsc_adjust bmi1 avx2 smep bmi2 erms invpcid xsaveopt ibpb ibrs stibp dtherm ida arat pln pts
bugs		: cpu_meltdown spectre_v1 spectre_v2
bogomips	: 6186.24
clflush size	: 64
cache_alignment	: 64
address sizes	: 39 bits physical, 48 bits virtual
power management:

processor	: 2
vendor_id	: GenuineIntel
cpu family	: 6
model		: 60
model name	: Intel(R) Core(TM) i5-4440 CPU @ 3.10GHz
stepping	: 3
microcode	: 0x25
cpu MHz		: 3182.867
cache size	: 6144 KB
physical id	: 0
siblings	: 4
core id		: 2
cpu cores	: 4
apicid		: 4
initial apicid	: 4
fpu		: yes
fpu_exception	: yes
cpuid level	: 13
wp		: yes
flags		: fpu vme de pse tsc msr pae mce cx8 apic sep mtrr pge mca cmov pat pse36 clflush dts acpi mmx fxsr sse sse2 ss ht tm pbe syscall nx pdpe1gb rdtscp lm constant_tsc arch_perfmon pebs bts rep_good nopl xtopology nonstop_tsc cpuid aperfmperf pni pclmulqdq dtes64 monitor ds_cpl vmx est tm2 ssse3 sdbg fma cx16 xtpr pdcm pcid sse4_1 sse4_2 x2apic movbe popcnt tsc_deadline_timer aes xsave avx f16c rdrand lahf_lm abm cpuid_fault epb invpcid_single pti tpr_shadow vnmi flexpriority ept vpid fsgsbase tsc_adjust bmi1 avx2 smep bmi2 erms invpcid xsaveopt ibpb ibrs stibp dtherm ida arat pln pts
bugs		: cpu_meltdown spectre_v1 spectre_v2
bogomips	: 6186.24
clflush size	: 64
cache_alignment	: 64
address sizes	: 39 bits physical, 48 bits virtual
power management:

processor	: 3
vendor_id	: GenuineIntel
cpu family	: 6
model		: 60
model name	: Intel(R) Core(TM) i5-4440 CPU @ 3.10GHz
stepping	: 3
microcode	: 0x25
cpu MHz		: 3093.682
cache size	: 6144 KB
physical id	: 0
siblings	: 4
core id		: 3
cpu cores	: 4
apicid		: 6
initial apicid	: 6
fpu		: yes
fpu_exception	: yes
cpuid level	: 13
wp		: yes
flags		: fpu vme de pse tsc msr pae mce cx8 apic sep mtrr pge mca cmov pat pse36 clflush dts acpi mmx fxsr sse sse2 ss ht tm pbe syscall nx pdpe1gb rdtscp lm constant_tsc arch_perfmon pebs bts rep_good nopl xtopology nonstop_tsc cpuid aperfmperf pni pclmulqdq dtes64 monitor ds_cpl vmx est tm2 ssse3 sdbg fma cx16 xtpr pdcm pcid sse4_1 sse4_2 x2apic movbe popcnt tsc_deadline_timer aes xsave avx f16c rdrand lahf_lm abm cpuid_fault epb invpcid_single pti tpr_shadow vnmi flexpriority ept vpid fsgsbase tsc_adjust bmi1 avx2 smep bmi2 erms invpcid xsaveopt ibpb ibrs stibp dtherm ida arat pln pts
bugs		: cpu_meltdown spectre_v1 spectre_v2
bogomips	: 6186.24
clflush size	: 64
cache_alignment	: 64
address sizes	: 39 bits physical, 48 bits virtual
power management:



Memory: 4k page, physical 8028644k(183744k free), swap 8248316k(8124668k free)

vm_info: Java HotSpot(TM) 64-Bit Server VM (25.191-b12) for linux-amd64 JRE (1.8.0_191-b12), built on Oct  6 2018 05:43:09 by "java_re" with gcc 7.3.0

time: Fri Feb 22 13:34:01 2019
elapsed time: 4867 seconds (0d 1h 21m 7s)

